0 info it worked if it ends with ok
1 verbose cli [ '/usr/local/Cellar/node/5.4.0/bin/node',
1 verbose cli   '/usr/local/bin/npm',
1 verbose cli   'install',
1 verbose cli   'moment-timezone/builds/moment-timezone-with-data.js' ]
2 info using npm@3.3.12
3 info using node@v5.4.0
4 silly loadCurrentTree Starting
5 silly install loadCurrentTree
6 silly install readLocalPackageData
7 silly fetchPackageMetaData moment-timezone/builds/moment-timezone-with-data.js
8 silly fetchOtherPackageData moment-timezone/builds/moment-timezone-with-data.js
9 silly cache add args [ 'moment-timezone/builds/moment-timezone-with-data.js', null ]
10 verbose cache add spec moment-timezone/builds/moment-timezone-with-data.js
11 silly cache add parsed spec Result {
11 silly cache add   raw: 'moment-timezone/builds/moment-timezone-with-data.js',
11 silly cache add   scope: null,
11 silly cache add   name: null,
11 silly cache add   rawSpec: 'moment-timezone/builds/moment-timezone-with-data.js',
11 silly cache add   spec: '/Users/nicolevalencia/RG_extensions/draftkings_extension/lib/moment-timezone/builds/moment-timezone-with-data.js',
11 silly cache add   type: 'local' }
12 error addLocal Could not install /Users/nicolevalencia/RG_extensions/draftkings_extension/lib/moment-timezone/builds/moment-timezone-with-data.js
13 silly fetchPackageMetaData Error: ENOENT: no such file or directory, open '/Users/nicolevalencia/RG_extensions/draftkings_extension/lib/moment-timezone/builds/moment-timezone-with-data.js'
13 silly fetchPackageMetaData     at Error (native)
13 silly fetchPackageMetaData  error for moment-timezone/builds/moment-timezone-with-data.js { [Error: ENOENT: no such file or directory, open '/Users/nicolevalencia/RG_extensions/draftkings_extension/lib/moment-timezone/builds/moment-timezone-with-data.js']
13 silly fetchPackageMetaData   errno: -2,
13 silly fetchPackageMetaData   code: 'ENOENT',
13 silly fetchPackageMetaData   syscall: 'open',
13 silly fetchPackageMetaData   path: '/Users/nicolevalencia/RG_extensions/draftkings_extension/lib/moment-timezone/builds/moment-timezone-with-data.js' }
14 silly rollbackFailedOptional Starting
15 silly rollbackFailedOptional Finishing
16 silly runTopLevelLifecycles Starting
17 silly runTopLevelLifecycles Finishing
18 silly install printInstalled
19 verbose stack Error: ENOENT: no such file or directory, open '/Users/nicolevalencia/RG_extensions/draftkings_extension/lib/moment-timezone/builds/moment-timezone-with-data.js'
19 verbose stack     at Error (native)
20 verbose cwd /Users/nicolevalencia/RG_extensions/draftkings_extension/lib
21 error Darwin 15.6.0
22 error argv "/usr/local/Cellar/node/5.4.0/bin/node" "/usr/local/bin/npm" "install" "moment-timezone/builds/moment-timezone-with-data.js"
23 error node v5.4.0
24 error npm  v3.3.12
25 error path /Users/nicolevalencia/RG_extensions/draftkings_extension/lib/moment-timezone/builds/moment-timezone-with-data.js
26 error code ENOENT
27 error errno -2
28 error syscall open
29 error enoent ENOENT: no such file or directory, open '/Users/nicolevalencia/RG_extensions/draftkings_extension/lib/moment-timezone/builds/moment-timezone-with-data.js'
29 error enoent This is most likely not a problem with npm itself
29 error enoent and is related to npm not being able to find a file.
30 verbose exit [ -2, true ]
